# JRE version: Java(TM) SE Runtime Environment (20.0.1+9) (build 20.0.1+9-29)
# Java VM: Java HotSpot(TM) 64-Bit Server VM (20.0.1+9-29, mixed mode, sharing, tiered, compressed oops, compressed class ptrs, g1 gc, windows-amd64)
GC Precious Log:
 CardTable entry size: 512
 Card Set container configuration: InlinePtr #cards 5 size 8 Array Of Cards #cards 12 size 40 Howl #buckets 4 coarsen threshold 1843 Howl Bitmap #cards 512 size 80 coarsen threshold 460 Card regions per heap region 1 cards per card region 2048
 CPUs: 4 total, 4 available
 Memory: 7128M
 Large Page Support: Disabled
 NUMA Support: Disabled
 Compressed Oops: Enabled (32-bit)
 Heap Region Size: 1M
 Heap Min Capacity: 8M
 Heap Initial Capacity: 112M
 Heap Max Capacity: 1784M
 Pre-touch: Disabled
 Parallel Workers: 4
 Concurrent Workers: 1
 Concurrent Refinement Workers: 4
 Periodic GC: Disabled
Heap:
 garbage-first heap   total 40960K, used 20704K [0x0000000090800000, 0x0000000100000000)
  region size 1024K, 18 young (18432K), 7 survivors (7168K)
 Metaspace       used 23383K, committed 23936K, reserved 1114112K
  class space    used 2891K, committed 3136K, reserved 1048576K
GC Heap History (8 events):
Event: 1.679 GC heap before
{Heap before GC invocations=0 (full 0):
 garbage-first heap   total 114688K, used 12288K [0x0000000090800000, 0x0000000100000000)
  region size 1024K, 13 young (13312K), 0 survivors (0K)
 Metaspace       used 4125K, committed 4288K, reserved 1114112K
  class space    used 424K, committed 512K, reserved 1048576K
}
Event: 1.692 GC heap after
{Heap after GC invocations=1 (full 0):
 garbage-first heap   total 114688K, used 4096K [0x0000000090800000, 0x0000000100000000)
  region size 1024K, 2 young (2048K), 2 survivors (2048K)
 Metaspace       used 4125K, committed 4288K, reserved 1114112K
  class space    used 424K, committed 512K, reserved 1048576K
}
Event: 2.786 GC heap before
{Heap before GC invocations=1 (full 0):
 garbage-first heap   total 114688K, used 17408K [0x0000000090800000, 0x0000000100000000)
  region size 1024K, 15 young (15360K), 2 survivors (2048K)
 Metaspace       used 7592K, committed 7872K, reserved 1114112K
  class space    used 881K, committed 1024K, reserved 1048576K
}
Event: 2.793 GC heap after
{Heap after GC invocations=2 (full 0):
 garbage-first heap   total 114688K, used 5309K [0x0000000090800000, 0x0000000100000000)
  region size 1024K, 2 young (2048K), 2 survivors (2048K)
 Metaspace       used 7592K, committed 7872K, reserved 1114112K
  class space    used 881K, committed 1024K, reserved 1048576K
}
Event: 4.180 GC heap before
{Heap before GC invocations=2 (full 0):
 garbage-first heap   total 114688K, used 33981K [0x0000000090800000, 0x0000000100000000)
  region size 1024K, 31 young (31744K), 2 survivors (2048K)
 Metaspace       used 15289K, committed 15616K, reserved 1114112K
  class space    used 1830K, committed 1984K, reserved 1048576K
}
Event: 4.188 GC heap after
{Heap after GC invocations=3 (full 0):
 garbage-first heap   total 114688K, used 7365K [0x0000000090800000, 0x0000000100000000)
  region size 1024K, 4 young (4096K), 4 survivors (4096K)
 Metaspace       used 15289K, committed 15616K, reserved 1114112K
  class space    used 1830K, committed 1984K, reserved 1048576K
}
Event: 7.236 GC heap before
{Heap before GC invocations=3 (full 0):
 garbage-first heap   total 114688K, used 43205K [0x0000000090800000, 0x0000000100000000)
  region size 1024K, 40 young (40960K), 4 survivors (4096K)
 Metaspace       used 21132K, committed 21504K, reserved 1114112K
  class space    used 2562K, committed 2752K, reserved 1048576K
}
Event: 7.252 GC heap after
{Heap after GC invocations=4 (full 0):
 garbage-first heap   total 114688K, used 10464K [0x0000000090800000, 0x0000000100000000)
  region size 1024K, 7 young (7168K), 7 survivors (7168K)
 Metaspace       used 21132K, committed 21504K, reserved 1114112K
  class space    used 2562K, committed 2752K, reserved 1048576K
}

